{
  "RSpec": {
    "coverage": {
      "/Users/MacBook/Projects/bowling-challenge/project/spec/features/controlling_games_spec.rb": [
        1,
        null,
        1,
        1,
        1,
        1,
        1,
        1,
        null,
        null,
        1,
        1,
        1,
        1,
        1,
        null,
        null,
        null,
        null
      ],
      "/Users/MacBook/Projects/bowling-challenge/project/spec/models/accessors_spec.rb": [
        1,
        null,
        null,
        1,
        1,
        11,
        10,
        11,
        1,
        1,
        1,
        1,
        null,
        null,
        null,
        null,
        null
      ],
      "/Users/MacBook/Projects/bowling-challenge/project/spec/models/database_functionality_spec.rb": [
        null,
        1,
        1,
        5,
        null,
        null,
        1,
        1,
        1,
        1,
        1,
        null,
        null,
        1,
        1,
        1,
        null,
        1,
        1,
        1,
        null,
        null,
        1,
        1,
        1,
        1,
        null,
        4,
        1,
        null,
        1,
        5,
        1,
        null,
        null,
        1,
        1,
        1,
        11,
        1,
        null,
        null,
        1,
        1,
        1,
        11,
        10,
        1,
        11,
        null,
        1,
        1,
        1,
        11,
        null,
        null
      ]
    },
    "timestamp": 1506784008
  }
}
