{
  "RSpec": {
    "coverage": {
      "/Users/MacBook/Projects/bowling-challenge/project/spec/models/database_functionality_spec.rb": [
        null,
        1,
        1,
        4,
        null,
        null,
        1,
        1,
        1,
        1,
        null,
        null,
        1,
        1,
        1,
        null,
        1,
        1,
        1,
        null,
        null,
        1,
        1,
        1,
        1,
        null,
        4,
        1,
        null,
        1,
        5,
        1,
        null,
        null,
        1,
        1,
        1,
        1,
        1,
        1,
        1,
        4,
        null,
        null,
        null
      ]
    },
    "timestamp": 1506774397
  }
}
